---------------------------------------------
Log C:\Users\pfofa\Desktop\000_Projekte\201_01-MOD-ArmaReforger-Scenarios\logs\smoke-day-assault-arland-task005\console.log started at 2026-05-20 22:17:40 (2026-05-20 20:17:40 UTC)

22:17:40.955   ENGINE       : FileSystem: Adding relative directory 'C:\Users\pfofa\Desktop\000_Projekte\201_01-MOD-ArmaReforger-Scenarios\logs\smoke-day-assault-arland-task005' to filesystem under name logs
22:17:40.955   ENGINE       : FileSystem: Adding relative directory 'C:\Users\pfofa\Documents\My Games\ArmaReforgerWorkbench\profile' to filesystem under name profile
22:17:40.956  PROFILING    : Workbench Create Engine took: 8.085200 ms
22:17:40.956  INIT         : INIT         : Workbench Init Engine
22:17:40.956   ENGINE       : Initializing engine, version 187974
22:17:40.956   ENGINE       : CLI Params: -gproj C:\Users\pfofa\Documents\my games\ArmaReforger\addons\ai_day-assault-arland\addon.gproj -load $ai_day-assault-arland:Worlds/day-assault-arland.ent -wbSilent -exitAfterInit -logsDir C:\Users\pfofa\Desktop\000_Projekte\201_01-MOD-ArmaReforger-Scenarios\logs\smoke-day-assault-arland-task005 
22:17:40.958   ENGINE       : Addon dirs:
22:17:40.958    ENGINE       : dir: 'C:/Users/pfofa/Documents/my games/ArmaReforger/addons/ai_day-assault-arland/'
22:17:40.958    ENGINE       : dir: './addons'
22:17:40.958    ENGINE       : dir: 'C:/Users/pfofa/Documents/My Games/ArmaReforgerWorkbench/addons'
22:17:40.958   ENGINE       : Available addons:
22:17:40.958    ENGINE       : gproj: 'C:/Users/pfofa/Documents/my games/ArmaReforger/addons/ai_day-assault-arland/addon.gproj' guid: '{85231016051D2564}'
22:17:40.958    ENGINE       : gproj: 'C:/Users/pfofa/Documents/My Games/ArmaReforgerWorkbench/addons/_vanilla_core/core.gproj' guid: '5614BBCCBB55ED1C' (packed)
22:17:40.958    ENGINE       : gproj: 'C:/Users/pfofa/Documents/My Games/ArmaReforgerWorkbench/addons/_vanilla_data/ArmaReforger.gproj' guid: '58D0FB3206B6F859' (packed)
22:17:40.958   ENGINE       : FileSystem: Adding relative directory 'C:\Users\pfofa\Documents\my games\ArmaReforger\addons\ai_day-assault-arland' to filesystem under name dayassaultarland
22:17:41.047   ENGINE       : FileSystem: Adding package 'C:/Users/pfofa/Documents/My Games/ArmaReforgerWorkbench/addons/_vanilla_data/' (pak count: 14) to filesystem under name ArmaReforger
22:17:41.050   ENGINE       : FileSystem: Adding package 'C:/Users/pfofa/Documents/My Games/ArmaReforgerWorkbench/addons/_vanilla_core/' (pak count: 2) to filesystem under name core
22:17:41.050   ENGINE       : CPU vendor         : GenuineIntel
22:17:41.050   ENGINE       : CPU type           : 1
22:17:41.050   ENGINE       : CPU name           : Intel(R) Core(TM) i9-9900K CPU @ 3.60GHz
22:17:41.050   ENGINE       : CPU cache info     : L1 [Inst 32KB, Data 32KB], L2 [Unif 256KB], L3 [Unif 16384KB]
22:17:41.050   ENGINE       : CPU count logical  : 16
22:17:41.050   ENGINE       : CPU count physical : 8
22:17:41.050   ENGINE       : CPU features       : mmx sse sse2 sse3 ssse3 sse4_1 sse4_2 aesni pclmulqdq osxsave avx avx2
22:17:41.050   RESOURCES    : ResourceDB: loading cache (id=0 name=dayassaultarland path=C:\Users\pfofa\Documents\my games\ArmaReforger\addons\ai_day-assault-arland/resourceDatabase.rdb)
22:17:41.051   RESOURCES    : ResourceDB: loading cache (id=1 name=ArmaReforger path=C:/Users/pfofa/Documents/My Games/ArmaReforgerWorkbench/addons/_vanilla_data/resourceDatabase.rdb)
22:17:41.531   RESOURCES    : ResourceDB: loading cache (id=2 name=core path=C:/Users/pfofa/Documents/My Games/ArmaReforgerWorkbench/addons/_vanilla_core/resourceDatabase.rdb)
22:17:41.532   RESOURCES    : ResourceDB: loading cache (id=3 name=profile path=C:\Users\pfofa\Documents\My Games\ArmaReforgerWorkbench\profile/resourceDatabase.rdb)
22:17:41.532   RESOURCES    : ResourceDB: loading cache (id=4 name=logs path=C:\Users\pfofa\Desktop\000_Projekte\201_01-MOD-ArmaReforger-Scenarios\logs\smoke-day-assault-arland-task005/resourceDatabase.rdb)
22:17:41.720   RESOURCES    : RESOURCES    : ResourceDB: full scan
22:17:41.724    RESOURCES    : RESOURCES    : scanning...
22:17:41.724     RESOURCES    : RESOURCES    : scanning @"dayassaultarland"
22:17:41.724     RESOURCES    : RESOURCES    : scanning @"ArmaReforger"
22:17:41.832     RESOURCES    : RESOURCES    : scanning @"core"
22:17:41.834     RESOURCES    : RESOURCES    : scanning @"profile"
22:17:41.834     RESOURCES    : RESOURCES    : scanning @"logs"
22:17:41.834    RESOURCES    : RESOURCES    : processing meta-files...
22:17:41.883    RESOURCES    : RESOURCES    : processing files...
22:17:41.884    RESOURCES    : RESOURCES    : processing folders...
22:17:41.889    RESOURCES    : RESOURCES    : creating GUID-item mapping...
22:17:41.890 INIT         : Workbench startup
22:17:41.890  INIT         : Workbench Init Engine
22:17:41.890   RESOURCES    : ResourceDB: full scan
22:17:41.890    RESOURCES    : creating GUID-item mapping...
22:17:41.890     RESOURCES (W): ResourceDB: duplicate GUID found! @"$ArmaReforger:Sounds/Music/KS/Samples/MU_Respawn_02.snd" and @"$ArmaReforger:Sounds/Music/KS/Samples/MU_KS_Respawn_02.snd"
22:17:41.894     RESOURCES (W): ResourceDB: duplicate GUID found! @"$ArmaReforger:Sounds/Music/KS/Samples/MU_KS_Death_02.snd" and @"$ArmaReforger:Sounds/Music/KS/Samples/MU_Death_02.snd"
22:17:41.894     RESOURCES (W): ResourceDB: duplicate GUID found! @"$ArmaReforger:Prefabs/Tasks/EvacuateTask.et" and @"$ArmaReforger:Prefabs/Systems/Tasks/EvacuateTask.et"
22:17:41.895     RESOURCES (W): ResourceDB: duplicate GUID found! @"$ArmaReforger:Prefabs/Tasks/NeutralizeTask.et" and @"$ArmaReforger:Prefabs/Systems/Tasks/NeutralizeTask.et"
22:17:41.895     RESOURCES (W): ResourceDB: duplicate GUID found! @"$ArmaReforger:Sounds/Music/Samples/MU_Respawn_01.snd" and @"$ArmaReforger:Sounds/Music/Samples/MU_KS_Respawn_01.snd"
22:17:41.895     RESOURCES (W): ResourceDB: duplicate GUID found! @"$ArmaReforger:Sounds/Music/Samples/MU_KS_Coast_01.snd" and @"$ArmaReforger:Sounds/Music/Samples/MU_Coast_01.snd"
22:17:41.895     RESOURCES (W): ResourceDB: duplicate GUID found! @"$ArmaReforger:Prefabs/Systems/Tasks/SupportEntities/BaseTaskSupportEntity.et" and @"$ArmaReforger:Prefabs/Tasks/SupportEntities/BaseTaskSupportEntity.et"
22:17:41.897     RESOURCES (W): ResourceDB: duplicate GUID found! @"$ArmaReforger:Prefabs/Tasks/SupportEntities/TriggerTaskSupportEntity.et" and @"$ArmaReforger:Prefabs/Systems/Tasks/SupportEntities/TriggerTaskSupportEntity.et"
22:17:41.897     RESOURCES (W): ResourceDB: duplicate GUID found! @"$ArmaReforger:Prefabs/Systems/Tasks/RequestedTask.et" and @"$ArmaReforger:Prefabs/Tasks/RequestedTask.et"
22:17:41.898     RESOURCES (W): ResourceDB: duplicate GUID found! @"$ArmaReforger:Prefabs/Tasks/MoveTask.et" and @"$ArmaReforger:Prefabs/Systems/Tasks/MoveTask.et"
22:17:41.899     RESOURCES (W): ResourceDB: duplicate GUID found! @"$ArmaReforger:Prefabs/Tasks/SupportEntities/CampaignTaskSupportEntity.et" and @"$ArmaReforger:Prefabs/Systems/Tasks/SupportEntities/CampaignTaskSupportEntity.et"
22:17:41.899     RESOURCES (W): ResourceDB: duplicate GUID found! @"$ArmaReforger:Prefabs/Systems/Tasks/BaseTriggerTask.et" and @"$ArmaReforger:Prefabs/Tasks/BaseTriggerTask.et"
22:17:41.900     RESOURCES (W): ResourceDB: duplicate GUID found! @"$ArmaReforger:Prefabs/Systems/Tasks/DefendTask.et" and @"$ArmaReforger:Prefabs/Tasks/DefendTask.et"
22:17:41.900     RESOURCES (W): ResourceDB: duplicate GUID found! @"$ArmaReforger:Prefabs/Tasks/CampaignDefendTask.et" and @"$ArmaReforger:Prefabs/Systems/Tasks/CampaignDefendTask.et"
22:17:41.901     RESOURCES (W): ResourceDB: duplicate GUID found! @"$ArmaReforger:UI/Imagesets/Tasks/Task_Icons.imageset" and @"$ArmaReforger:UI/Imagesets/Tasks/Task-Icons.imageset"
22:17:41.901     RESOURCES (W): ResourceDB: duplicate GUID found! @"$ArmaReforger:Sounds/Music/KS/Samples/MU_Map_Theme.snd" and @"$ArmaReforger:Sounds/Music/KS/Samples/MU_KS_Map_Theme.snd"
22:17:41.901     RESOURCES (W): ResourceDB: duplicate GUID found! @"$ArmaReforger:Prefabs/Systems/Tasks/SeizeTask.et" and @"$ArmaReforger:Prefabs/Tasks/SeizeTask.et"
22:17:41.901     RESOURCES (W): ResourceDB: duplicate GUID found! @"$ArmaReforger:Prefabs/Systems/ScenarioFramework/Triggers/ScenarioFrameworkCharacterTrigger.et" and @"$ArmaReforger:Prefabs/Systems/ScenarioFramework/Triggers/TriggerCharacterSlow.et"
22:17:41.901     RESOURCES (W): ResourceDB: duplicate GUID found! @"$ArmaReforger:Prefabs/Systems/Tasks/CampaignBuildingTask.et" and @"$ArmaReforger:Prefabs/Tasks/CampaignBuildingTask.et"
22:17:41.902     RESOURCES (W): ResourceDB: duplicate GUID found! @"$ArmaReforger:anims/anm/player/locomotion/machineguns/IdleTurns/p_lmg_pne_idle_ras_breath.anm" and @"$ArmaReforger:anims/anm/player/locomotion/machineguns/p_lmg_pne_idle_ras_breath.anm"
22:17:41.902     RESOURCES (W): ResourceDB: duplicate GUID found! @"$ArmaReforger:Prefabs/Tasks/RefuelTask.et" and @"$ArmaReforger:Prefabs/Systems/Tasks/RefuelTask.et"
22:17:41.902     RESOURCES (W): ResourceDB: duplicate GUID found! @"$ArmaReforger:Prefabs/Tasks/SupportEntities/EditorTaskSupportEntity.et" and @"$ArmaReforger:Prefabs/Systems/Tasks/SupportEntities/EditorTaskSupportEntity.et"
22:17:41.902     RESOURCES (W): ResourceDB: duplicate GUID found! @"$ArmaReforger:Sounds/Music/KS/Samples/Layers/MU_Coast_01.snd" and @"$ArmaReforger:Sounds/Music/KS/Samples/Layers/MU_KS_Coast_01.snd"
22:17:41.902     RESOURCES (W): ResourceDB: duplicate GUID found! @"$ArmaReforger:Sounds/Music/KS/Samples/MU_Death.snd" and @"$ArmaReforger:Sounds/Music/KS/Samples/MU_KS_Death.snd"
22:17:41.902     RESOURCES (W): ResourceDB: duplicate GUID found! @"$ArmaReforger:Prefabs/Tasks/CustomTask.et" and @"$ArmaReforger:Prefabs/Systems/Tasks/CustomTask.et"
22:17:41.902     RESOURCES (W): ResourceDB: duplicate GUID found! @"$ArmaReforger:anims/anm/player/locomotion/machineguns/p_lmg_pne_aimspace_body_ras.anm" and @"$ArmaReforger:anims/anm/player/locomotion/machineguns/IdleTurns/p_lmg_pne_aimspace_body_ras.anm"
22:17:41.903     RESOURCES (W): ResourceDB: duplicate GUID found! @"$ArmaReforger:Prefabs/Tasks/SupportEntities/CampaignBuildingTaskSupportEntity.et" and @"$ArmaReforger:Prefabs/Systems/Tasks/SupportEntities/CampaignBuildingTaskSupportEntity.et"
22:17:41.903     RESOURCES (W): ResourceDB: duplicate GUID found! @"$ArmaReforger:Sounds/Music/KS/Samples/MU_KS_Respawn_01.snd" and @"$ArmaReforger:Sounds/Music/KS/Samples/MU_Respawn_01.snd"
22:17:41.903     RESOURCES (W): ResourceDB: duplicate GUID found! @"$ArmaReforger:Prefabs/Systems/Tasks/CampaignTask.et" and @"$ArmaReforger:Prefabs/Tasks/CampaignTask.et"
22:17:41.903     RESOURCES (W): ResourceDB: duplicate GUID found! @"$ArmaReforger:Prefabs/Tasks/TransportTask.et" and @"$ArmaReforger:Prefabs/Systems/Tasks/TransportTask.et"
22:17:41.905    RESOURCES    : RESOURCES    : building tree...
22:17:41.944   PROFILING    : ResourceDB: full scan took: 224.282900 ms
22:17:41.945   RESOURCES    : ResourceDB: saving cache (id=0 name=dayassaultarland path=C:\Users\pfofa\Documents\my games\ArmaReforger\addons\ai_day-assault-arland/resourceDatabase.rdb)
22:17:41.946   RESOURCES    : ResourceDB: written 849/849 bytes
22:17:41.946   RESOURCES    : ResourceDB: cache successfully saved
22:17:41.946   RESOURCES    : ResourceDB: saving cache (id=3 name=profile path=C:\Users\pfofa\Documents\My Games\ArmaReforgerWorkbench\profile/resourceDatabase.rdb)
22:17:41.948   RESOURCES    : ResourceDB: written 147/147 bytes
22:17:41.948   RESOURCES    : ResourceDB: cache successfully saved
22:17:41.948   RESOURCES    : ResourceDB: saving cache (id=4 name=logs path=C:\Users\pfofa\Desktop\000_Projekte\201_01-MOD-ArmaReforger-Scenarios\logs\smoke-day-assault-arland-task005/resourceDatabase.rdb)
22:17:41.950   RESOURCES    : ResourceDB: written 171/171 bytes
22:17:41.950   RESOURCES    : ResourceDB: cache successfully saved
22:17:41.950   ENGINE       : GameProject load
22:17:41.950    ENGINE       : Loaded addons:
22:17:41.950     ENGINE       : gproj: 'C:/Users/pfofa/Documents/My Games/ArmaReforgerWorkbench/addons/_vanilla_core/core.gproj' guid: '5614BBCCBB55ED1C'
22:17:41.950     ENGINE       : gproj: 'C:/Users/pfofa/Documents/My Games/ArmaReforgerWorkbench/addons/_vanilla_data/ArmaReforger.gproj' guid: '58D0FB3206B6F859'
22:17:41.950     ENGINE       : gproj: 'C:/Users/pfofa/Documents/my games/ArmaReforger/addons/ai_day-assault-arland/addon.gproj' guid: '{85231016051D2564}'
22:17:41.951   ENGINE       : Loading custom engine user config '$profile:.save/app1874910_user76561198041204253/settings/ReforgerEngineSettings.conf'
22:17:41.951   ENGINE       : No Enfusion settings file loaded. Continuing with defaults
22:17:41.982   RENDER       : (OK) Adapter 'AMD Radeon RX 5700 XT' supports feature level 12_0
22:17:41.984   RENDER       : Basic screen setup:
22:17:41.984   RENDER       :   Back buffer format	       : TEXFMT_R8G8B8A8_SRGB (29)
22:17:41.984   RENDER       :   MSAA                      : none
22:17:42.256   RENDER       : AMD AGS library initialized, version 6.1.0 x DLL 6.1.0
22:17:42.256   RENDER       :   Extendeded AMD info for AMD Radeon RX 5700 XT (primary device)
22:17:42.256   RENDER       :   * architecture RDNA, 40 CUs, 20 WGPs (for RDNA), 64 ROPs
22:17:42.256   RENDER       :   * core clocks 1815 MHz, memory 1750 MHz
22:17:42.256   RENDER       :   * TFlops 9.3, memory bandwidth (437.5 GB/s)
22:17:42.256   RENDER       : AMD AGS correctly initialized
22:17:42.256   RENDER       : Driver for AMD Radeon RX 5700 XT is from 3.3.2026 (2 months, 20 days old)
22:17:42.256   RENDER       : GPU_ATI (0x1002) (AMD Radeon RX 5700 XT) with 1 GPU detected, VRAM 8151MB (fast 0MB), shared 32736MB, driver version 25.10.43.05-260303a-198974C-AMD-Software-Adrenalin-Edition
22:17:42.256   RENDER       : Detected output devices:
22:17:42.256   RENDER       :  * 1 device/s connected to AMD Radeon RX 5700 XT:
22:17:42.256   RENDER       :    Generic PnP Monitor (\\.\DISPLAY1), 1920x1080 (offset 0x0), 59Hz
22:17:42.256   RENDER       :   Concurrent frames limit 2
22:17:42.355   RENDER       : DX12 device successfully created by AMD AGS library
22:17:42.355   RENDER       :  * user markers supported
22:17:42.355   RENDER       : Graphics device features
22:17:42.355   RENDER       :  Needed:
22:17:42.355   RENDER       :  * Highest supported shader model: 6.8 (6.0 needed)
22:17:42.355   RENDER       :  Optional:
22:17:42.355   RENDER       :  * Allow tearing (VSYNC) : 1
22:17:42.355   RENDER       :  * 16 bits : 1
22:17:42.355   RENDER       :  * Resource heap tier : 3
22:17:42.355   RENDER       :  * Persistent heaps (DRED) : 1
22:17:42.355   RENDER       :  * DRED 1.2 is supported by compiler
22:17:42.374   RENDER       : Main RT format setup.
22:17:42.374   RENDER       :   Main RT format for quality 0	: TEXFMT_R11G11B10_FLOAT (26)
22:17:42.374   RENDER       :   Main RT format for quality 1	: TEXFMT_R16G16B16A16_FLOAT (10)
22:17:42.382   ENGINE       : Job system settings: coreCount=16, shortJobContextCount=16, shortJobThreadCount=15, longJobThreadCount=16
22:17:42.429   PROFILING    : Settings changed took: 0.021800 ms
22:17:42.466   AUDIO        : Lautsprecher (Realtek(R) Audio)
22:17:42.469   RENDER       : RENDER       : Reload shaders
22:17:42.470    RENDER       : Enfusion shader version 119
22:17:42.470    INIT         : INIT         : ShaderListReload
22:17:42.470    PROFILING    : ShaderListReload took: 0.001300 ms
22:17:42.618    RENDER       : Loaded 3868 newer shader binaries
22:17:42.619   PROFILING    : Reload shaders took: 149.366200 ms
22:17:42.619   ENGINE       : Initializing inputs.
22:17:42.625   NETWORK      : Initializing networking.
22:17:42.625   NETWORK      : Using new GameRplScheduler.
22:17:42.625   SCRIPT       : SCRIPT       : Initializing scripts
22:17:42.626    SCRIPT       : SCRIPT       : ScriptProjectManager init
22:17:42.626    PROFILING    : ScriptProjectManager init took: 0.549500 ms
22:17:42.646   PROFILING    : Initializing scripts took: 19.313800 ms
22:17:42.658   ENGINE       : Enfusion engine successfully created.
22:17:42.658  PROFILING    : Workbench Init Engine took: 1701.426000 ms
22:17:42.658  INIT         : INIT         : Workbench Create Game
22:17:42.674   GUI          : Using default language (en_us)
22:17:42.674   GUI          : Loading 'en_us' localization file.
22:17:42.674   INIT         : INIT         : Loading StringTable
22:17:42.766   PROFILING    : Loading StringTable took: 91.163000 ms
22:17:42.766   SCRIPT       : SCRIPT       : Compiling GameLib scripts
22:17:42.802    SCRIPT       : Module: Workbench; loaded 19x files; 37x classes; used 130/10485 kB (1%) of static memory; defines: "ENF_WB,WORKBENCH,PLATFORM_WINDOWS,ENABLE_DIAG,ENF_ENABLE_VHC_OVERRIDE,ENF_ENABLE_RPLCOMPONENT_IN_GAMECODE"; CRC32: 7d50b840
22:17:42.802    SCRIPT       : Module: GameLib; loaded 382x files; 556x classes; used 692/2097 kB (32%) of static memory; defines: "ENF_WB,WORKBENCH,PLATFORM_WINDOWS,ENABLE_DIAG,ENF_ENABLE_VHC_OVERRIDE,ENF_ENABLE_RPLCOMPONENT_IN_GAMECODE"; CRC32: d0e6be82
22:17:42.802   PROFILING    : Compiling GameLib scripts took: 37.270800 ms
22:17:42.802   SCRIPT       : SCRIPT       : Compiling Game scripts
22:17:43.276  INIT         : Workbench Create Game
22:17:43.276   SCRIPT       : Compiling Game scripts
22:17:43.276    SCRIPT    (W): @"scripts/Game/Network/ServerCommands/UploadSaveCommand.c,15": 'OnError' is obsolete: Use BackendCallback.SetOnError() instead.
22:17:43.276    SCRIPT    (W): @"scripts/Game/Network/ServerCommands/UploadSaveCommand.c,22": 'OnSuccess' is obsolete: Use BackendCallback.SetOnSuccess() instead.
22:17:43.276    SCRIPT    (W): @"scripts/Game/Network/ServerCommands/UploadSaveCommand.c,28": 'OnTimeout' is obsolete: Use BackendCallback.SetOnError() instead.
22:17:43.529    SCRIPT    (W): @"scripts/Game/Campaign/SCR_PlayerProfileManagerComponent.c,114": 'PlayerRequest' is obsolete
22:17:43.529    SCRIPT    (W): @"scripts/Game/Campaign/SCR_PlayerProfileManagerComponent.c,133": 'PlayerData' is obsolete
22:17:43.531    SCRIPT    (W): @"scripts/Game/Character/Cameras/FirstPerson/CharacterCamera1stPersonUnconscious.c,56": 'GetBoneMatrix' is obsolete: Use GetAnimation().GetBoneMatrix() instead
22:17:43.585    SCRIPT    (W): @"scripts/Game/DataCollection/PlayerData/SCR_PlayerData.c,210": 'PlayerData' is obsolete
22:17:43.585    SCRIPT    (W): @"scripts/Game/DataCollection/PlayerData/SCR_PlayerData.c,222": 'IsAuthenticated' is obsolete: Use BackendAuthenticatorApi.IsAuthenticated() instead.
22:17:43.585    SCRIPT    (W): @"scripts/Game/DataCollection/PlayerData/SCR_PlayerData.c,227": 'PlayerRequest' is obsolete
22:17:43.585    SCRIPT    (W): @"scripts/Game/DataCollection/PlayerData/SCR_PlayerData.c,307": 'PlayerRequest' is obsolete
22:17:43.597    SCRIPT    (W): @"scripts/Game/Editor/Components/EditableEntity/SCR_EditableEntityComponent.c,774": 'GetPlayerPlatformKind' is obsolete
22:17:43.597    SCRIPT    (W): @"scripts/Game/Editor/Components/EditableEntity/SCR_EditableEntityComponent.c,775": 'GetPlayerPlatformId' is obsolete
22:17:43.603    SCRIPT    (W): @"scripts/Game/Editor/Components/Editor/SCR_CameraEditorComponent.c,226": Possible variable name conflict 'editorManagerEntity'
22:17:43.603    SCRIPT    (W): @"scripts/Game/Editor/Components/Editor/SCR_CameraEditorComponent.c,243": Possible variable name conflict 'editorManagerEntity'
22:17:43.603    SCRIPT    (W): @"scripts/Game/Editor/Components/Editor/SCR_CameraEditorComponent.c,265": Possible variable name conflict 'editorManagerEntity'
22:17:43.603    SCRIPT    (W): @"scripts/Game/Editor/Components/Editor/SCR_CameraEditorComponent.c,274": Possible variable name conflict 'editorManagerEntity'
22:17:43.603    SCRIPT    (W): @"scripts/Game/Editor/Components/Editor/SCR_CameraEditorComponent.c,303": Possible variable name conflict 'editorManagerEntity'
22:17:43.646    SCRIPT    (W): @"scripts/Game/Editor/UI/Components/Save/SCR_SaveEditorUIComponent.c,207": 'GetKeyByValue' is obsolete: Use SCR_MapHelper.GetKeyByValue
22:17:43.646    SCRIPT    (W): @"scripts/Game/Editor/UI/Components/Save/SCR_SaveEditorUIComponent.c,214": 'GetKeyByValue' is obsolete: Use SCR_MapHelper.GetKeyByValue
22:17:43.646    SCRIPT    (W): @"scripts/Game/Editor/UI/Components/Save/SCR_SaveEditorUIComponent.c,221": 'GetKeyByValue' is obsolete: Use SCR_MapHelper.GetKeyByValue
22:17:43.664    SCRIPT    (W): @"scripts/Game/FactionCommander/Components/SCR_CampaignFactionCommanderPlayerComponent.c,253": 'GetKeyByValue' is obsolete: Use SCR_MapHelper.GetKeyByValue
22:17:43.666    SCRIPT    (W): @"scripts/Game/FactionCommander/Components/SCR_FactionCommanderPlayerComponent.c,821": 'GetKeyByValue' is obsolete: Use SCR_MapHelper.GetKeyByValue
22:17:43.724    SCRIPT    (W): @"scripts/Game/Helpers/SCR_ServicesStatusHelper.c,76": 'IsAuthenticated' is obsolete: Use BackendAuthenticatorApi.IsAuthenticated() instead.
22:17:43.751    SCRIPT    (W): @"scripts/Game/Network/ServerCommands/UploadSaveCommand.c,17": 'OnError' is obsolete: Use BackendCallback.SetOnError() instead.
22:17:43.751    SCRIPT    (W): @"scripts/Game/Network/ServerCommands/UploadSaveCommand.c,24": 'OnSuccess' is obsolete: Use BackendCallback.SetOnSuccess() instead.
22:17:43.751    SCRIPT    (W): @"scripts/Game/Network/ServerCommands/UploadSaveCommand.c,30": 'OnTimeout' is obsolete: Use BackendCallback.SetOnError() instead.
22:17:43.813    SCRIPT    (W): @"scripts/Game/UI/Components/MainMenu/SCR_AccountWidgetComponent.c,187": 'IsAuthenticated' is obsolete: Use BackendAuthenticatorApi.IsAuthenticated() instead.
22:17:43.841    SCRIPT    (W): @"scripts/Game/UI/HUD/SCR_NearbyContextDisplay.c,455": 'GetKeyByValue' is obsolete: Use SCR_MapHelper.GetKeyByValue
22:17:43.864    SCRIPT    (W): @"scripts/Game/UI/Menu/CareerMenuUI.c,133": 'IsAuthenticated' is obsolete: Use BackendAuthenticatorApi.IsAuthenticated() instead.
22:17:43.864    SCRIPT    (W): @"scripts/Game/UI/Menu/CareerMenuUI.c,140": 'PlayerRequest' is obsolete
22:17:43.905    SCRIPT    (W): @"scripts/Game/UI/Menu/SettingsMenu/SCR_SettingsManagerKeybindModule.c,433": Variable 'path' is not used
22:17:43.930    SCRIPT    (W): @"scripts/Game/Utilities/SCR_PlayerIdentityUtils.c,20": 'GetPlayerIdentityId' is obsolete
22:17:44.935    SCRIPT       : Module: WorkbenchGame; loaded 148x files; 554x classes; used 2199/10485 kB (20%) of static memory; defines: "ENF_WB,WORKBENCH,PLATFORM_WINDOWS,ENABLE_DIAG,ENF_ENABLE_VHC_OVERRIDE,ENF_ENABLE_RPLCOMPONENT_IN_GAMECODE"; CRC32: 46eea57a
22:17:44.939    SCRIPT       : Module: Game; loaded 5518x files; 10826x classes; used 31624/62914 kB (50%) of static memory; defines: "ENF_WB,WORKBENCH,PLATFORM_WINDOWS,ENABLE_DIAG,ENF_ENABLE_VHC_OVERRIDE,ENF_ENABLE_RPLCOMPONENT_IN_GAMECODE,ENABLE_BASE_DESTRUCTION,BUDGET_OPTIMIZATION_CHECKS,SHOW_DISCLAIMER,DEBUG,RESPAWN_TIMER_COMPONENT_DEBUG,GAME_MODE_DEBUG,DEBUG_CONFIGURABLE_DIALOGS,DISABLE_WEAPON_SWITCHING,SCRIPTED_AIM_MODIFIER_DEBUG"; CRC32: 4a7d1298
22:17:44.972   PROFILING    : Compiling Game scripts took: 2169.871400 ms
22:17:44.977   INIT         : Creating game instance(ArmaReforgerScripted), version 1.6.0.119 built 2026-01-23 18:14:39 UTC.
22:17:45.000   ENGINE       : Game successfully created.
22:17:45.000  PROFILING    : Workbench Create Game took: 2342.219100 ms
22:17:45.002 PROFILING    : Workbench startup took: 4090.835000 ms
22:17:45.003 RESOURCES    : ResourceDB: saving cache (id=0 name=dayassaultarland path=C:\Users\pfofa\Documents\my games\ArmaReforger\addons\ai_day-assault-arland/resourceDatabase.rdb)
22:17:45.004 RESOURCES    : ResourceDB: written 849/849 bytes
22:17:45.004 RESOURCES    : ResourceDB: cache successfully saved
22:17:45.004 RESOURCES    : ResourceDB: saving cache (id=3 name=profile path=C:\Users\pfofa\Documents\My Games\ArmaReforgerWorkbench\profile/resourceDatabase.rdb)
22:17:45.006 RESOURCES    : ResourceDB: written 147/147 bytes
22:17:45.006 RESOURCES    : ResourceDB: cache successfully saved
22:17:45.006 RESOURCES    : ResourceDB: saving cache (id=4 name=logs path=C:\Users\pfofa\Desktop\000_Projekte\201_01-MOD-ArmaReforger-Scenarios\logs\smoke-day-assault-arland-task005/resourceDatabase.rdb)
22:17:45.007 RESOURCES    : ResourceDB: written 171/171 bytes
22:17:45.007 RESOURCES    : ResourceDB: cache successfully saved
22:17:45.028 ENGINE       : Game destroyed.
22:17:45.028 ENGINE       : Game destroyed.
22:17:45.048 RPL          : Pip::Destroy
22:17:45.073 RESOURCES (E): ==== Resource leaks ====
22:17:45.073 RESOURCES (E): UI/Fonts/RobotoCondensed/RobotoCondensed_Regular.edds   1
22:17:45.073 RESOURCES (E): UI/Textures/Cursor/arrow_place_geometry_uiuc.edds   1
22:17:45.073 RESOURCES (E): UI/Textures/Cursor/arrow_transform_geometry_uiuc.edds   1
22:17:45.073 RESOURCES (E): UI/Textures/Cursor/cursors_atlas.edds   1
22:17:45.073 RESOURCES (E): UI/Textures/Cursor/arrow_objective_uiuc.edds   1
22:17:45.073 RESOURCES (E): UI/Textures/Cursor/arrow_waypoint_uiuc.edds   1
22:17:45.073 RESOURCES (E): UI/Textures/Cursor/arrow_rotate_uiuc.edds   1
22:17:45.073 RESOURCES (E): UI/Textures/Cursor/arrow_transform_snap_disabled_uiuc.edds   1
22:17:45.073 RESOURCES (E): UI/Textures/Cursor/arrow_transform_snap_uiuc.edds   1
22:17:45.073 RESOURCES (E): UI/Textures/Cursor/arrow_move_camera_uiuc.edds   1
22:17:45.073 RESOURCES (E): UI/Textures/Cursor/arrow_wait_uiuc.edds   1
22:17:45.073 RESOURCES (E): UI/Textures/Cursor/arrow_transform_disabled_uiuc.edds   1
22:17:45.073 RESOURCES (E): UI/Textures/Cursor/arrow_transform_uiuc.edds   1
22:17:45.073 RESOURCES (E): UI/Textures/Cursor/arrow_place_uiuc.edds   1
22:17:45.073 RESOURCES (E): UI/Textures/Cursor/arrow_select_uiuc.edds   1
22:17:45.073 RESOURCES (E): UI/Textures/Cursor/arrow_raw_uiuc.edds   1
22:17:45.073 RESOURCES (E): UI/Imagesets/Panels/Shadow/panels_fadedBackground-16-100_atlas.edds   1
22:17:45.073 RESOURCES (E): UI/Imagesets/Panels/Outline/panels_roundedOutline_atlas.edds   1
22:17:45.073 RESOURCES (E): UI/Imagesets/Panels/panels_roundedCorners_atlas.edds   1
22:17:45.073 RESOURCES (E): UI/Imagesets/WeaponInfo/panel_style_magazines.edds   1
22:17:45.073 RESOURCES (E): UI/Imagesets/debugUI.edds   1
22:17:45.073 RESOURCES (E): UI/Textures/WidgetLibrary/ScrollBarRectangles.edds   1
22:17:45.073 RESOURCES (E): UI/Imagesets/default.edds   1
22:17:45.073 RESOURCES (E): ui/fonts/robotomono_msdf_28.edds   1
