---------------------------------------------
Log C:\Users\pfofa\Desktop\000_Projekte\201_01-MOD-ArmaReforger-Scenarios\logs\smoke-fog-ambush-eden-task005\error.log started at 2026-05-20 22:17:47 (2026-05-20 20:17:47 UTC)

22:17:47.245 INIT         : Workbench startup
22:17:47.245  INIT         : Workbench Init Engine
22:17:47.245   RESOURCES    : ResourceDB: full scan
22:17:47.245    RESOURCES    : creating GUID-item mapping...
22:17:47.245     RESOURCES (W): ResourceDB: duplicate GUID found! @"$ArmaReforger:Sounds/Music/KS/Samples/MU_Respawn_02.snd" and @"$ArmaReforger:Sounds/Music/KS/Samples/MU_KS_Respawn_02.snd"
22:17:47.248     RESOURCES (W): ResourceDB: duplicate GUID found! @"$ArmaReforger:Sounds/Music/KS/Samples/MU_KS_Death_02.snd" and @"$ArmaReforger:Sounds/Music/KS/Samples/MU_Death_02.snd"
22:17:47.249     RESOURCES (W): ResourceDB: duplicate GUID found! @"$ArmaReforger:Prefabs/Tasks/EvacuateTask.et" and @"$ArmaReforger:Prefabs/Systems/Tasks/EvacuateTask.et"
22:17:47.249     RESOURCES (W): ResourceDB: duplicate GUID found! @"$ArmaReforger:Prefabs/Tasks/NeutralizeTask.et" and @"$ArmaReforger:Prefabs/Systems/Tasks/NeutralizeTask.et"
22:17:47.250     RESOURCES (W): ResourceDB: duplicate GUID found! @"$ArmaReforger:Sounds/Music/Samples/MU_Respawn_01.snd" and @"$ArmaReforger:Sounds/Music/Samples/MU_KS_Respawn_01.snd"
22:17:47.250     RESOURCES (W): ResourceDB: duplicate GUID found! @"$ArmaReforger:Sounds/Music/Samples/MU_KS_Coast_01.snd" and @"$ArmaReforger:Sounds/Music/Samples/MU_Coast_01.snd"
22:17:47.250     RESOURCES (W): ResourceDB: duplicate GUID found! @"$ArmaReforger:Prefabs/Systems/Tasks/SupportEntities/BaseTaskSupportEntity.et" and @"$ArmaReforger:Prefabs/Tasks/SupportEntities/BaseTaskSupportEntity.et"
22:17:47.250     RESOURCES (W): ResourceDB: duplicate GUID found! @"$ArmaReforger:Prefabs/Tasks/SupportEntities/TriggerTaskSupportEntity.et" and @"$ArmaReforger:Prefabs/Systems/Tasks/SupportEntities/TriggerTaskSupportEntity.et"
22:17:47.250     RESOURCES (W): ResourceDB: duplicate GUID found! @"$ArmaReforger:Prefabs/Systems/Tasks/RequestedTask.et" and @"$ArmaReforger:Prefabs/Tasks/RequestedTask.et"
22:17:47.252     RESOURCES (W): ResourceDB: duplicate GUID found! @"$ArmaReforger:Prefabs/Tasks/MoveTask.et" and @"$ArmaReforger:Prefabs/Systems/Tasks/MoveTask.et"
22:17:47.253     RESOURCES (W): ResourceDB: duplicate GUID found! @"$ArmaReforger:Prefabs/Tasks/SupportEntities/CampaignTaskSupportEntity.et" and @"$ArmaReforger:Prefabs/Systems/Tasks/SupportEntities/CampaignTaskSupportEntity.et"
22:17:47.253     RESOURCES (W): ResourceDB: duplicate GUID found! @"$ArmaReforger:Prefabs/Systems/Tasks/BaseTriggerTask.et" and @"$ArmaReforger:Prefabs/Tasks/BaseTriggerTask.et"
22:17:47.255     RESOURCES (W): ResourceDB: duplicate GUID found! @"$ArmaReforger:Prefabs/Systems/Tasks/DefendTask.et" and @"$ArmaReforger:Prefabs/Tasks/DefendTask.et"
22:17:47.255     RESOURCES (W): ResourceDB: duplicate GUID found! @"$ArmaReforger:Prefabs/Tasks/CampaignDefendTask.et" and @"$ArmaReforger:Prefabs/Systems/Tasks/CampaignDefendTask.et"
22:17:47.256     RESOURCES (W): ResourceDB: duplicate GUID found! @"$ArmaReforger:UI/Imagesets/Tasks/Task_Icons.imageset" and @"$ArmaReforger:UI/Imagesets/Tasks/Task-Icons.imageset"
22:17:47.256     RESOURCES (W): ResourceDB: duplicate GUID found! @"$ArmaReforger:Sounds/Music/KS/Samples/MU_Map_Theme.snd" and @"$ArmaReforger:Sounds/Music/KS/Samples/MU_KS_Map_Theme.snd"
22:17:47.256     RESOURCES (W): ResourceDB: duplicate GUID found! @"$ArmaReforger:Prefabs/Systems/Tasks/SeizeTask.et" and @"$ArmaReforger:Prefabs/Tasks/SeizeTask.et"
22:17:47.256     RESOURCES (W): ResourceDB: duplicate GUID found! @"$ArmaReforger:Prefabs/Systems/ScenarioFramework/Triggers/ScenarioFrameworkCharacterTrigger.et" and @"$ArmaReforger:Prefabs/Systems/ScenarioFramework/Triggers/TriggerCharacterSlow.et"
22:17:47.256     RESOURCES (W): ResourceDB: duplicate GUID found! @"$ArmaReforger:Prefabs/Systems/Tasks/CampaignBuildingTask.et" and @"$ArmaReforger:Prefabs/Tasks/CampaignBuildingTask.et"
22:17:47.257     RESOURCES (W): ResourceDB: duplicate GUID found! @"$ArmaReforger:anims/anm/player/locomotion/machineguns/IdleTurns/p_lmg_pne_idle_ras_breath.anm" and @"$ArmaReforger:anims/anm/player/locomotion/machineguns/p_lmg_pne_idle_ras_breath.anm"
22:17:47.257     RESOURCES (W): ResourceDB: duplicate GUID found! @"$ArmaReforger:Prefabs/Tasks/RefuelTask.et" and @"$ArmaReforger:Prefabs/Systems/Tasks/RefuelTask.et"
22:17:47.257     RESOURCES (W): ResourceDB: duplicate GUID found! @"$ArmaReforger:Prefabs/Tasks/SupportEntities/EditorTaskSupportEntity.et" and @"$ArmaReforger:Prefabs/Systems/Tasks/SupportEntities/EditorTaskSupportEntity.et"
22:17:47.257     RESOURCES (W): ResourceDB: duplicate GUID found! @"$ArmaReforger:Sounds/Music/KS/Samples/Layers/MU_Coast_01.snd" and @"$ArmaReforger:Sounds/Music/KS/Samples/Layers/MU_KS_Coast_01.snd"
22:17:47.257     RESOURCES (W): ResourceDB: duplicate GUID found! @"$ArmaReforger:Sounds/Music/KS/Samples/MU_Death.snd" and @"$ArmaReforger:Sounds/Music/KS/Samples/MU_KS_Death.snd"
22:17:47.257     RESOURCES (W): ResourceDB: duplicate GUID found! @"$ArmaReforger:Prefabs/Tasks/CustomTask.et" and @"$ArmaReforger:Prefabs/Systems/Tasks/CustomTask.et"
22:17:47.257     RESOURCES (W): ResourceDB: duplicate GUID found! @"$ArmaReforger:anims/anm/player/locomotion/machineguns/p_lmg_pne_aimspace_body_ras.anm" and @"$ArmaReforger:anims/anm/player/locomotion/machineguns/IdleTurns/p_lmg_pne_aimspace_body_ras.anm"
22:17:47.257     RESOURCES (W): ResourceDB: duplicate GUID found! @"$ArmaReforger:Prefabs/Tasks/SupportEntities/CampaignBuildingTaskSupportEntity.et" and @"$ArmaReforger:Prefabs/Systems/Tasks/SupportEntities/CampaignBuildingTaskSupportEntity.et"
22:17:47.258     RESOURCES (W): ResourceDB: duplicate GUID found! @"$ArmaReforger:Sounds/Music/KS/Samples/MU_KS_Respawn_01.snd" and @"$ArmaReforger:Sounds/Music/KS/Samples/MU_Respawn_01.snd"
22:17:47.258     RESOURCES (W): ResourceDB: duplicate GUID found! @"$ArmaReforger:Prefabs/Systems/Tasks/CampaignTask.et" and @"$ArmaReforger:Prefabs/Tasks/CampaignTask.et"
22:17:47.258     RESOURCES (W): ResourceDB: duplicate GUID found! @"$ArmaReforger:Prefabs/Tasks/TransportTask.et" and @"$ArmaReforger:Prefabs/Systems/Tasks/TransportTask.et"
22:17:48.550  INIT         : Workbench Create Game
22:17:48.550   SCRIPT       : Compiling Game scripts
22:17:48.550    SCRIPT    (W): @"scripts/Game/Network/ServerCommands/UploadSaveCommand.c,15": 'OnError' is obsolete: Use BackendCallback.SetOnError() instead.
22:17:48.550    SCRIPT    (W): @"scripts/Game/Network/ServerCommands/UploadSaveCommand.c,22": 'OnSuccess' is obsolete: Use BackendCallback.SetOnSuccess() instead.
22:17:48.550    SCRIPT    (W): @"scripts/Game/Network/ServerCommands/UploadSaveCommand.c,28": 'OnTimeout' is obsolete: Use BackendCallback.SetOnError() instead.
22:17:48.806    SCRIPT    (W): @"scripts/Game/Campaign/SCR_PlayerProfileManagerComponent.c,114": 'PlayerRequest' is obsolete
22:17:48.806    SCRIPT    (W): @"scripts/Game/Campaign/SCR_PlayerProfileManagerComponent.c,133": 'PlayerData' is obsolete
22:17:48.808    SCRIPT    (W): @"scripts/Game/Character/Cameras/FirstPerson/CharacterCamera1stPersonUnconscious.c,56": 'GetBoneMatrix' is obsolete: Use GetAnimation().GetBoneMatrix() instead
22:17:48.862    SCRIPT    (W): @"scripts/Game/DataCollection/PlayerData/SCR_PlayerData.c,210": 'PlayerData' is obsolete
22:17:48.862    SCRIPT    (W): @"scripts/Game/DataCollection/PlayerData/SCR_PlayerData.c,222": 'IsAuthenticated' is obsolete: Use BackendAuthenticatorApi.IsAuthenticated() instead.
22:17:48.862    SCRIPT    (W): @"scripts/Game/DataCollection/PlayerData/SCR_PlayerData.c,227": 'PlayerRequest' is obsolete
22:17:48.862    SCRIPT    (W): @"scripts/Game/DataCollection/PlayerData/SCR_PlayerData.c,307": 'PlayerRequest' is obsolete
22:17:48.874    SCRIPT    (W): @"scripts/Game/Editor/Components/EditableEntity/SCR_EditableEntityComponent.c,774": 'GetPlayerPlatformKind' is obsolete
22:17:48.874    SCRIPT    (W): @"scripts/Game/Editor/Components/EditableEntity/SCR_EditableEntityComponent.c,775": 'GetPlayerPlatformId' is obsolete
22:17:48.880    SCRIPT    (W): @"scripts/Game/Editor/Components/Editor/SCR_CameraEditorComponent.c,226": Possible variable name conflict 'editorManagerEntity'
22:17:48.880    SCRIPT    (W): @"scripts/Game/Editor/Components/Editor/SCR_CameraEditorComponent.c,243": Possible variable name conflict 'editorManagerEntity'
22:17:48.880    SCRIPT    (W): @"scripts/Game/Editor/Components/Editor/SCR_CameraEditorComponent.c,265": Possible variable name conflict 'editorManagerEntity'
22:17:48.880    SCRIPT    (W): @"scripts/Game/Editor/Components/Editor/SCR_CameraEditorComponent.c,274": Possible variable name conflict 'editorManagerEntity'
22:17:48.880    SCRIPT    (W): @"scripts/Game/Editor/Components/Editor/SCR_CameraEditorComponent.c,303": Possible variable name conflict 'editorManagerEntity'
22:17:48.924    SCRIPT    (W): @"scripts/Game/Editor/UI/Components/Save/SCR_SaveEditorUIComponent.c,207": 'GetKeyByValue' is obsolete: Use SCR_MapHelper.GetKeyByValue
22:17:48.924    SCRIPT    (W): @"scripts/Game/Editor/UI/Components/Save/SCR_SaveEditorUIComponent.c,214": 'GetKeyByValue' is obsolete: Use SCR_MapHelper.GetKeyByValue
22:17:48.924    SCRIPT    (W): @"scripts/Game/Editor/UI/Components/Save/SCR_SaveEditorUIComponent.c,221": 'GetKeyByValue' is obsolete: Use SCR_MapHelper.GetKeyByValue
22:17:48.940    SCRIPT    (W): @"scripts/Game/FactionCommander/Components/SCR_CampaignFactionCommanderPlayerComponent.c,253": 'GetKeyByValue' is obsolete: Use SCR_MapHelper.GetKeyByValue
22:17:48.944    SCRIPT    (W): @"scripts/Game/FactionCommander/Components/SCR_FactionCommanderPlayerComponent.c,821": 'GetKeyByValue' is obsolete: Use SCR_MapHelper.GetKeyByValue
22:17:49.000    SCRIPT    (W): @"scripts/Game/Helpers/SCR_ServicesStatusHelper.c,76": 'IsAuthenticated' is obsolete: Use BackendAuthenticatorApi.IsAuthenticated() instead.
22:17:49.028    SCRIPT    (W): @"scripts/Game/Network/ServerCommands/UploadSaveCommand.c,17": 'OnError' is obsolete: Use BackendCallback.SetOnError() instead.
22:17:49.028    SCRIPT    (W): @"scripts/Game/Network/ServerCommands/UploadSaveCommand.c,24": 'OnSuccess' is obsolete: Use BackendCallback.SetOnSuccess() instead.
22:17:49.028    SCRIPT    (W): @"scripts/Game/Network/ServerCommands/UploadSaveCommand.c,30": 'OnTimeout' is obsolete: Use BackendCallback.SetOnError() instead.
22:17:49.090    SCRIPT    (W): @"scripts/Game/UI/Components/MainMenu/SCR_AccountWidgetComponent.c,187": 'IsAuthenticated' is obsolete: Use BackendAuthenticatorApi.IsAuthenticated() instead.
22:17:49.119    SCRIPT    (W): @"scripts/Game/UI/HUD/SCR_NearbyContextDisplay.c,455": 'GetKeyByValue' is obsolete: Use SCR_MapHelper.GetKeyByValue
22:17:49.143    SCRIPT    (W): @"scripts/Game/UI/Menu/CareerMenuUI.c,133": 'IsAuthenticated' is obsolete: Use BackendAuthenticatorApi.IsAuthenticated() instead.
22:17:49.143    SCRIPT    (W): @"scripts/Game/UI/Menu/CareerMenuUI.c,140": 'PlayerRequest' is obsolete
22:17:49.184    SCRIPT    (W): @"scripts/Game/UI/Menu/SettingsMenu/SCR_SettingsManagerKeybindModule.c,433": Variable 'path' is not used
22:17:49.210    SCRIPT    (W): @"scripts/Game/Utilities/SCR_PlayerIdentityUtils.c,20": 'GetPlayerIdentityId' is obsolete
22:17:50.349 RESOURCES (E): ==== Resource leaks ====
22:17:50.349 RESOURCES (E): UI/Fonts/RobotoCondensed/RobotoCondensed_Regular.edds   1
22:17:50.349 RESOURCES (E): UI/Textures/Cursor/arrow_place_geometry_uiuc.edds   1
22:17:50.349 RESOURCES (E): UI/Textures/Cursor/arrow_transform_geometry_uiuc.edds   1
22:17:50.349 RESOURCES (E): UI/Textures/Cursor/cursors_atlas.edds   1
22:17:50.349 RESOURCES (E): UI/Textures/Cursor/arrow_objective_uiuc.edds   1
22:17:50.349 RESOURCES (E): UI/Textures/Cursor/arrow_waypoint_uiuc.edds   1
22:17:50.349 RESOURCES (E): UI/Textures/Cursor/arrow_rotate_uiuc.edds   1
22:17:50.349 RESOURCES (E): UI/Textures/Cursor/arrow_transform_snap_disabled_uiuc.edds   1
22:17:50.349 RESOURCES (E): UI/Textures/Cursor/arrow_transform_snap_uiuc.edds   1
22:17:50.349 RESOURCES (E): UI/Textures/Cursor/arrow_move_camera_uiuc.edds   1
22:17:50.349 RESOURCES (E): UI/Textures/Cursor/arrow_wait_uiuc.edds   1
22:17:50.349 RESOURCES (E): UI/Textures/Cursor/arrow_transform_disabled_uiuc.edds   1
22:17:50.349 RESOURCES (E): UI/Textures/Cursor/arrow_transform_uiuc.edds   1
22:17:50.349 RESOURCES (E): UI/Textures/Cursor/arrow_place_uiuc.edds   1
22:17:50.349 RESOURCES (E): UI/Textures/Cursor/arrow_select_uiuc.edds   1
22:17:50.349 RESOURCES (E): UI/Textures/Cursor/arrow_raw_uiuc.edds   1
22:17:50.349 RESOURCES (E): UI/Imagesets/Panels/Shadow/panels_fadedBackground-16-100_atlas.edds   1
22:17:50.349 RESOURCES (E): UI/Imagesets/Panels/Outline/panels_roundedOutline_atlas.edds   1
22:17:50.349 RESOURCES (E): UI/Imagesets/Panels/panels_roundedCorners_atlas.edds   1
22:17:50.349 RESOURCES (E): UI/Imagesets/WeaponInfo/panel_style_magazines.edds   1
22:17:50.349 RESOURCES (E): UI/Imagesets/debugUI.edds   1
22:17:50.349 RESOURCES (E): UI/Textures/WidgetLibrary/ScrollBarRectangles.edds   1
22:17:50.349 RESOURCES (E): UI/Imagesets/default.edds   1
22:17:50.349 RESOURCES (E): ui/fonts/robotomono_msdf_28.edds   1
